Tue Oct 16 12:31:46 2018
HTTP PORT: 9999
Tue Oct 16 12:31:46 2018
www folder:/home/lzx/computer_network/liso_server/WWW/

#########log error###########
Tue Oct 16 12:32:14 2018
Error: when recv
#########log error###########

#########log error###########
Tue Oct 16 12:32:14 2018
Error: when recv
#########log error###########

#########log error###########
Tue Oct 16 12:32:14 2018
Error: when recv
#########log error###########

#########log error###########
Tue Oct 16 12:32:14 2018
Error: when recv
#########log error###########
Tue Oct 16 12:32:14 2018
print requestTue Oct 16 12:32:14 2018
